<?xml version="1.0" encoding="UTF-8"?>
<testng-results ignored="0" total="1" passed="1" failed="0" skipped="0">
  <reporter-output>
  </reporter-output>
  <suite started-at="2020-11-03T01:01:52Z" name="Default suite" finished-at="2020-11-03T01:01:58Z" duration-ms="6643">
    <groups>
    </groups>
    <test started-at="2020-11-03T01:01:52Z" name="Default test" finished-at="2020-11-03T01:01:58Z" duration-ms="6643">
      <class name="restAPI.GETAPI">
        <test-method signature="test1()[pri:0, instance:restAPI.GETAPI@4ddbbdf8]" started-at="2020-11-03T06:31:52Z" name="test1" finished-at="2020-11-03T06:31:58Z" duration-ms="6630" status="PASS">
          <reporter-output>
          </reporter-output>
        </test-method> <!-- test1 -->
      </class> <!-- restAPI.GETAPI -->
    </test> <!-- Default test -->
  </suite> <!-- Default suite -->
</testng-results>
